This is pdfTeX, Version 3.14159265-2.6-1.40.15 (MiKTeX 2.9 64-bit) (preloaded format=pdflatex 2016.1.8)  8 JAN 2016 03:56
entering extended mode
**"C:/Users/Nicholas/Documents/Math 138/Math 138 Lecture 1.tex"
("C:/Users/Nicholas/Documents/Math 138/Math 138 Lecture 1.tex"
LaTeX2e <2014/05/01>
Babel <3.9l> and hyphenation patterns for 68 languages loaded.
("C:\Users\Nicholas\Documents\Actual Latex\tex\latex\base\letter.cls"
Document Class: letter 2014/09/29 v1.2z Standard LaTeX document class
("C:\Users\Nicholas\Documents\Actual Latex\tex\latex\base\size12.clo"
File: size12.clo 2014/09/29 v1.4h Standard LaTeX file (size option)
)
\longindentation=\dimen102
\indentedwidth=\dimen103
\labelcount=\count79
)
("C:\Users\Nicholas\Documents\Actual Latex\tex\latex\amsmath\amsmath.sty"
Package: amsmath 2013/01/14 v2.14 AMS math features
\@mathmargin=\skip41

For additional information on amsmath, use the `?' option.
("C:\Users\Nicholas\Documents\Actual Latex\tex\latex\amsmath\amstext.sty"
Package: amstext 2000/06/29 v2.01

("C:\Users\Nicholas\Documents\Actual Latex\tex\latex\amsmath\amsgen.sty"
File: amsgen.sty 1999/11/30 v2.0
\@emptytoks=\toks14
\ex@=\dimen104
))
("C:\Users\Nicholas\Documents\Actual Latex\tex\latex\amsmath\amsbsy.sty"
Package: amsbsy 1999/11/29 v1.2d
\pmbraise@=\dimen105
)
("C:\Users\Nicholas\Documents\Actual Latex\tex\latex\amsmath\amsopn.sty"
Package: amsopn 1999/12/14 v2.01 operator names
)
\inf@bad=\count80
LaTeX Info: Redefining \frac on input line 210.
\uproot@=\count81
\leftroot@=\count82
LaTeX Info: Redefining \overline on input line 306.
\classnum@=\count83
\DOTSCASE@=\count84
LaTeX Info: Redefining \ldots on input line 378.
LaTeX Info: Redefining \dots on input line 381.
LaTeX Info: Redefining \cdots on input line 466.
\Mathstrutbox@=\box26
\strutbox@=\box27
\big@size=\dimen106
LaTeX Font Info:    Redeclaring font encoding OML on input line 566.
LaTeX Font Info:    Redeclaring font encoding OMS on input line 567.
\macc@depth=\count85
\c@MaxMatrixCols=\count86
\dotsspace@=\muskip10
\c@parentequation=\count87
\dspbrk@lvl=\count88
\tag@help=\toks15
\row@=\count89
\column@=\count90
\maxfields@=\count91
\andhelp@=\toks16
\eqnshift@=\dimen107
\alignsep@=\dimen108
\tagshift@=\dimen109
\tagwidth@=\dimen110
\totwidth@=\dimen111
\lineht@=\dimen112
\@envbody=\toks17
\multlinegap=\skip42
\multlinetaggap=\skip43
\mathdisplay@stack=\toks18
LaTeX Info: Redefining \[ on input line 2665.
LaTeX Info: Redefining \] on input line 2666.
)
("C:\Users\Nicholas\Documents\Actual Latex\tex\latex\amsfonts\amssymb.sty"
Package: amssymb 2013/01/14 v3.01 AMS font symbols

("C:\Users\Nicholas\Documents\Actual Latex\tex\latex\amsfonts\amsfonts.sty"
Package: amsfonts 2013/01/14 v3.01 Basic AMSFonts support
\symAMSa=\mathgroup4
\symAMSb=\mathgroup5
LaTeX Font Info:    Overwriting math alphabet `\mathfrak' in version `bold'
(Font)                  U/euf/m/n --> U/euf/b/n on input line 106.
))
("C:\Users\Nicholas\Documents\Actual Latex\tex\latex\preprint\fullpage.sty"
Package: fullpage 1999/02/23 1.1 (PWD)
\FP@margin=\skip44
)
("Math 138 Lecture 1.aux")
LaTeX Font Info:    Checking defaults for OML/cmm/m/it on input line 4.
LaTeX Font Info:    ... okay on input line 4.
LaTeX Font Info:    Checking defaults for T1/cmr/m/n on input line 4.
LaTeX Font Info:    ... okay on input line 4.
LaTeX Font Info:    Checking defaults for OT1/cmr/m/n on input line 4.
LaTeX Font Info:    ... okay on input line 4.
LaTeX Font Info:    Checking defaults for OMS/cmsy/m/n on input line 4.
LaTeX Font Info:    ... okay on input line 4.
LaTeX Font Info:    Checking defaults for OMX/cmex/m/n on input line 4.
LaTeX Font Info:    ... okay on input line 4.
LaTeX Font Info:    Checking defaults for U/cmr/m/n on input line 4.
LaTeX Font Info:    ... okay on input line 4.
LaTeX Font Info:    Try loading font information for U+msa on input line 5.

("C:\Users\Nicholas\Documents\Actual Latex\tex\latex\amsfonts\umsa.fd"
File: umsa.fd 2013/01/14 v3.01 AMS symbols A
)
LaTeX Font Info:    Try loading font information for U+msb on input line 5.

("C:\Users\Nicholas\Documents\Actual Latex\tex\latex\amsfonts\umsb.fd"
File: umsb.fd 2013/01/14 v3.01 AMS symbols B
)
Underfull \hbox (badness 10000) in paragraph at lines 7--9

 []


Underfull \hbox (badness 10000) in paragraph at lines 10--19

 []


Underfull \hbox (badness 10000) in paragraph at lines 10--19

 []


Underfull \hbox (badness 10000) in paragraph at lines 10--19

 []


Underfull \hbox (badness 10000) in paragraph at lines 10--19

 []


Underfull \hbox (badness 10000) in paragraph at lines 20--24

 []


Underfull \hbox (badness 10000) in paragraph at lines 20--24

 []

[1

{C:/Users/Nicholas/AppData/Local/MiKTeX/2.9/pdftex/config/pdftex.map}]
("Math 138 Lecture 1.aux") ) 
Here is how much of TeX's memory you used:
 1096 strings out of 493698
 12793 string characters out of 3139165
 66857 words of memory out of 3000000
 4457 multiletter control sequences out of 15000+200000
 14590 words of font info for 57 fonts, out of 3000000 for 9000
 1025 hyphenation exceptions out of 8191
 27i,15n,26p,274b,183s stack positions out of 5000i,500n,10000p,200000b,50000s
<C:/Users/Nicholas/Documents/Actual Latex/fonts/typ
e1/public/amsfonts/cm/cmbx12.pfb><C:/Users/Nicholas/Documents/Actual Latex/font
s/type1/public/amsfonts/cm/cmex10.pfb><C:/Users/Nicholas/Documents/Actual Latex
/fonts/type1/public/amsfonts/cm/cmmi10.pfb><C:/Users/Nicholas/Documents/Actual 
Latex/fonts/type1/public/amsfonts/cm/cmmi12.pfb><C:/Users/Nicholas/Documents/Ac
tual Latex/fonts/type1/public/amsfonts/cm/cmmi8.pfb><C:/Users/Nicholas/Document
s/Actual Latex/fonts/type1/public/amsfonts/cm/cmr10.pfb><C:/Users/Nicholas/Docu
ments/Actual Latex/fonts/type1/public/amsfonts/cm/cmr12.pfb><C:/Users/Nicholas/
Documents/Actual Latex/fonts/type1/public/amsfonts/cm/cmr17.pfb><C:/Users/Nicho
las/Documents/Actual Latex/fonts/type1/public/amsfonts/cm/cmr6.pfb><C:/Users/Ni
cholas/Documents/Actual Latex/fonts/type1/public/amsfonts/cm/cmr8.pfb><C:/Users
/Nicholas/Documents/Actual Latex/fonts/type1/public/amsfonts/cm/cmsy10.pfb><C:/
Users/Nicholas/Documents/Actual Latex/fonts/type1/public/amsfonts/cm/cmsy8.pfb>
<C:/Users/Nicholas/Documents/Actual Latex/fonts/type1/public/amsfonts/symbols/m
sbm10.pfb>
Output written on "Math 138 Lecture 1.pdf" (1 page, 118822 bytes).
PDF statistics:
 58 PDF objects out of 1000 (max. 8388607)
 0 named destinations out of 1000 (max. 500000)
 1 words of extra memory for PDF output out of 10000 (max. 10000000)

